2017-08-25 09:56:42.832 DEBUG [main] o.s.test.context.junit4.SpringJUnit4ClassRunner.<init>():106 -SpringJUnit4ClassRunner constructor called with [class com.lin.service.UserServiceTest].
2017-08-25 09:56:42.869 DEBUG [main] o.s.t.c.support.AbstractDelegatingSmartContextLoader.delegateProcessing():89 -Delegating to GenericXmlContextLoader to process context configuration [ContextConfigurationAttributes@2e533986 declaringClass = 'com.lin.baseTest.SpringTestCase', locations = '{classpath:application.xml}', classes = '{}', inheritLocations = true, initializers = '{}', inheritInitializers = true, name = [null], contextLoaderClass = 'org.springframework.test.context.ContextLoader'].
2017-08-25 09:56:42.871 DEBUG [main] org.springframework.test.context.ContextLoaderUtils.resolveActiveProfiles():471 -Could not find an 'annotation declaring class' for annotation type [org.springframework.test.context.ActiveProfiles] and class [com.lin.service.UserServiceTest]
2017-08-25 09:56:42.906 DEBUG [main] org.springframework.test.annotation.ProfileValueUtils.retrieveProfileValueSource():68 -Retrieved @ProfileValueSourceConfiguration [null] for test class [com.lin.service.UserServiceTest]
2017-08-25 09:56:42.906 DEBUG [main] org.springframework.test.annotation.ProfileValueUtils.retrieveProfileValueSource():80 -Retrieved ProfileValueSource type [class org.springframework.test.annotation.SystemProfileValueSource] for class [com.lin.service.UserServiceTest]
2017-08-25 09:56:42.907 DEBUG [main] org.springframework.test.annotation.ProfileValueUtils.retrieveProfileValueSource():68 -Retrieved @ProfileValueSourceConfiguration [null] for test class [com.lin.service.UserServiceTest]
2017-08-25 09:56:42.907 DEBUG [main] org.springframework.test.annotation.ProfileValueUtils.retrieveProfileValueSource():80 -Retrieved ProfileValueSource type [class org.springframework.test.annotation.SystemProfileValueSource] for class [com.lin.service.UserServiceTest]
2017-08-25 09:56:42.908 DEBUG [main] org.springframework.test.annotation.ProfileValueUtils.retrieveProfileValueSource():68 -Retrieved @ProfileValueSourceConfiguration [null] for test class [com.lin.service.UserServiceTest]
2017-08-25 09:56:42.908 DEBUG [main] org.springframework.test.annotation.ProfileValueUtils.retrieveProfileValueSource():80 -Retrieved ProfileValueSource type [class org.springframework.test.annotation.SystemProfileValueSource] for class [com.lin.service.UserServiceTest]
2017-08-25 09:56:42.910 DEBUG [main] org.springframework.test.annotation.ProfileValueUtils.retrieveProfileValueSource():68 -Retrieved @ProfileValueSourceConfiguration [null] for test class [com.lin.service.UserServiceTest]
2017-08-25 09:56:42.910 DEBUG [main] org.springframework.test.annotation.ProfileValueUtils.retrieveProfileValueSource():80 -Retrieved ProfileValueSource type [class org.springframework.test.annotation.SystemProfileValueSource] for class [com.lin.service.UserServiceTest]
2017-08-25 09:56:42.917 DEBUG [main] o.s.t.c.support.DependencyInjectionTestExecutionListener.prepareTestInstance():73 -Performing dependency injection for test context [[TestContext@66eeb2a5 testClass = UserServiceTest, testInstance = com.lin.service.UserServiceTest@4112a36e, testMethod = [null], testException = [null], mergedContextConfiguration = [MergedContextConfiguration@2ea7ac22 testClass = UserServiceTest, locations = '{classpath:application.xml}', classes = '{}', contextInitializerClasses = '[]', activeProfiles = '{}', contextLoader = 'org.springframework.test.context.support.DelegatingSmartContextLoader', parent = [null]]]].
2017-08-25 09:56:42.917 DEBUG [main] o.s.t.c.support.AbstractDelegatingSmartContextLoader.delegateLoading():98 -Delegating to GenericXmlContextLoader to load context from [MergedContextConfiguration@2ea7ac22 testClass = UserServiceTest, locations = '{classpath:application.xml}', classes = '{}', contextInitializerClasses = '[]', activeProfiles = '{}', contextLoader = 'org.springframework.test.context.support.DelegatingSmartContextLoader', parent = [null]].
2017-08-25 09:56:42.918 DEBUG [main] o.s.test.context.support.AbstractGenericContextLoader.loadContext():104 -Loading ApplicationContext for merged context configuration [[MergedContextConfiguration@2ea7ac22 testClass = UserServiceTest, locations = '{classpath:application.xml}', classes = '{}', contextInitializerClasses = '[]', activeProfiles = '{}', contextLoader = 'org.springframework.test.context.support.DelegatingSmartContextLoader', parent = [null]]].
2017-08-25 09:56:43.062 DEBUG [main] org.springframework.core.env.StandardEnvironment.addLast():107 -Adding [systemProperties] PropertySource with lowest search precedence
2017-08-25 09:56:43.065 DEBUG [main] org.springframework.core.env.StandardEnvironment.addLast():107 -Adding [systemEnvironment] PropertySource with lowest search precedence
2017-08-25 09:56:43.066 DEBUG [main] org.springframework.core.env.StandardEnvironment.<init>():126 -Initialized StandardEnvironment with PropertySources [systemProperties,systemEnvironment]
2017-08-25 09:56:43.129 INFO  [main] o.s.beans.factory.xml.XmlBeanDefinitionReader.loadBeanDefinitions():315 -Loading XML bean definitions from class path resource [application.xml]
2017-08-25 09:56:43.147 DEBUG [main] o.s.beans.factory.xml.DefaultDocumentLoader.loadDocument():72 -Using JAXP provider [com.sun.org.apache.xerces.internal.jaxp.DocumentBuilderFactoryImpl]
2017-08-25 09:56:43.248 DEBUG [main] o.s.beans.factory.xml.PluggableSchemaResolver.getSchemaMappings():140 -Loading schema mappings from [META-INF/spring.schemas]
2017-08-25 09:56:43.263 DEBUG [main] o.s.beans.factory.xml.PluggableSchemaResolver.getSchemaMappings():146 -Loaded schema mappings: {http://www.springframework.org/schema/tx/spring-tx-2.5.xsd=org/springframework/transaction/config/spring-tx-2.5.xsd, http://www.springframework.org/schema/context/spring-context-3.1.xsd=org/springframework/context/config/spring-context-3.1.xsd, http://www.springframework.org/schema/data/repository/spring-repository-1.4.xsd=org/springframework/data/repository/config/spring-repository-1.4.xsd, http://www.springframework.org/schema/util/spring-util-3.0.xsd=org/springframework/beans/factory/xml/spring-util-3.0.xsd, http://www.springframework.org/schema/data/jpa/spring-jpa.xsd=org/springframework/data/jpa/repository/config/spring-jpa-1.3.xsd, http://www.springframework.org/schema/tool/spring-tool.xsd=org/springframework/beans/factory/xml/spring-tool-3.2.xsd, http://www.springframework.org/schema/aop/spring-aop-3.2.xsd=org/springframework/aop/config/spring-aop-3.2.xsd, http://mybatis.org/schema/mybatis-spring-1.2.xsd=org/mybatis/spring/config/mybatis-spring-1.2.xsd, http://www.springframework.org/schema/mvc/spring-mvc-3.2.xsd=org/springframework/web/servlet/config/spring-mvc-3.2.xsd, http://www.springframework.org/schema/lang/spring-lang-3.2.xsd=org/springframework/scripting/config/spring-lang-3.2.xsd, http://www.springframework.org/schema/cache/spring-cache-3.2.xsd=org/springframework/cache/config/spring-cache-3.2.xsd, http://www.springframework.org/schema/jdbc/spring-jdbc-3.1.xsd=org/springframework/jdbc/config/spring-jdbc-3.1.xsd, http://www.springframework.org/schema/util/spring-util-2.0.xsd=org/springframework/beans/factory/xml/spring-util-2.0.xsd, http://www.springframework.org/schema/tool/spring-tool-3.2.xsd=org/springframework/beans/factory/xml/spring-tool-3.2.xsd, http://www.springframework.org/schema/context/spring-context.xsd=org/springframework/context/config/spring-context-3.2.xsd, http://www.springframework.org/schema/jee/spring-jee-3.2.xsd=org/springframework/ejb/config/spring-jee-3.2.xsd, http://www.springframework.org/schema/context/spring-context-3.0.xsd=org/springframework/context/config/spring-context-3.0.xsd, http://www.springframework.org/schema/util/spring-util-2.5.xsd=org/springframework/beans/factory/xml/spring-util-2.5.xsd, http://www.springframework.org/schema/beans/spring-beans-3.2.xsd=org/springframework/beans/factory/xml/spring-beans-3.2.xsd, http://www.springframework.org/schema/aop/spring-aop-3.1.xsd=org/springframework/aop/config/spring-aop-3.1.xsd, http://www.springframework.org/schema/mvc/spring-mvc.xsd=org/springframework/web/servlet/config/spring-mvc-3.2.xsd, http://www.springframework.org/schema/mvc/spring-mvc-3.1.xsd=org/springframework/web/servlet/config/spring-mvc-3.1.xsd, http://www.springframework.org/schema/lang/spring-lang-3.1.xsd=org/springframework/scripting/config/spring-lang-3.1.xsd, http://www.springframework.org/schema/tx/spring-tx-3.2.xsd=org/springframework/transaction/config/spring-tx-3.2.xsd, http://www.springframework.org/schema/cache/spring-cache-3.1.xsd=org/springframework/cache/config/spring-cache-3.1.xsd, http://www.springframework.org/schema/jdbc/spring-jdbc-3.0.xsd=org/springframework/jdbc/config/spring-jdbc-3.0.xsd, http://www.springframework.org/schema/jdbc/spring-jdbc.xsd=org/springframework/jdbc/config/spring-jdbc-3.2.xsd, http://www.springframework.org/schema/tool/spring-tool-3.1.xsd=org/springframework/beans/factory/xml/spring-tool-3.1.xsd, http://www.springframework.org/schema/jee/spring-jee-3.1.xsd=org/springframework/ejb/config/spring-jee-3.1.xsd, http://www.springframework.org/schema/task/spring-task-3.2.xsd=org/springframework/scheduling/config/spring-task-3.2.xsd, http://www.springframework.org/schema/beans/spring-beans-3.1.xsd=org/springframework/beans/factory/xml/spring-beans-3.1.xsd, http://www.springframework.org/schema/util/spring-util.xsd=org/springframework/beans/factory/xml/spring-util-3.2.xsd, http://www.springframework.org/schema/data/jpa/spring-jpa-1.3.xsd=org/springframework/data/jpa/repository/config/spring-jpa-1.3.xsd, http://www.springframework.org/schema/aop/spring-aop-3.0.xsd=org/springframework/aop/config/spring-aop-3.0.xsd, http://www.springframework.org/schema/data/repository/spring-repository.xsd=org/springframework/data/repository/config/spring-repository-1.6.xsd, http://www.springframework.org/schema/mvc/spring-mvc-3.0.xsd=org/springframework/web/servlet/config/spring-mvc-3.0.xsd, http://www.springframework.org/schema/beans/spring-beans.xsd=org/springframework/beans/factory/xml/spring-beans-3.2.xsd, http://www.springframework.org/schema/lang/spring-lang-3.0.xsd=org/springframework/scripting/config/spring-lang-3.0.xsd, http://www.springframework.org/schema/tx/spring-tx-3.1.xsd=org/springframework/transaction/config/spring-tx-3.1.xsd, http://mybatis.org/schema/mybatis-spring.xsd=org/mybatis/spring/config/mybatis-spring-1.2.xsd, http://www.springframework.org/schema/context/spring-context-2.5.xsd=org/springframework/context/config/spring-context-2.5.xsd, http://www.springframework.org/schema/tool/spring-tool-3.0.xsd=org/springframework/beans/factory/xml/spring-tool-3.0.xsd, http://www.springframework.org/schema/aop/spring-aop-2.0.xsd=org/springframework/aop/config/spring-aop-2.0.xsd, http://www.springframework.org/schema/jee/spring-jee-3.0.xsd=org/springframework/ejb/config/spring-jee-3.0.xsd, http://www.springframework.org/schema/task/spring-task-3.1.xsd=org/springframework/scheduling/config/spring-task-3.1.xsd, http://www.springframework.org/schema/beans/spring-beans-3.0.xsd=org/springframework/beans/factory/xml/spring-beans-3.0.xsd, http://www.springframework.org/schema/data/jpa/spring-jpa-1.2.xsd=org/springframework/data/jpa/repository/config/spring-jpa-1.2.xsd, http://www.springframework.org/schema/jee/spring-jee.xsd=org/springframework/ejb/config/spring-jee-3.2.xsd, http://www.springframework.org/schema/aop/spring-aop-2.5.xsd=org/springframework/aop/config/spring-aop-2.5.xsd, http://www.springframework.org/schema/lang/spring-lang-2.0.xsd=org/springframework/scripting/config/spring-lang-2.0.xsd, http://www.springframework.org/schema/data/repository/spring-repository-1.6.xsd=org/springframework/data/repository/config/spring-repository-1.6.xsd, http://www.springframework.org/schema/util/spring-util-3.2.xsd=org/springframework/beans/factory/xml/spring-util-3.2.xsd, http://www.springframework.org/schema/task/spring-task.xsd=org/springframework/scheduling/config/spring-task-3.2.xsd, http://www.springframework.org/schema/tool/spring-tool-2.0.xsd=org/springframework/beans/factory/xml/spring-tool-2.0.xsd, http://www.springframework.org/schema/tx/spring-tx-3.0.xsd=org/springframework/transaction/config/spring-tx-3.0.xsd, http://www.springframework.org/schema/lang/spring-lang-2.5.xsd=org/springframework/scripting/config/spring-lang-2.5.xsd, http://www.springframework.org/schema/jee/spring-jee-2.0.xsd=org/springframework/ejb/config/spring-jee-2.0.xsd, http://www.springframework.org/schema/tool/spring-tool-2.5.xsd=org/springframework/beans/factory/xml/spring-tool-2.5.xsd, http://www.springframework.org/schema/jee/spring-jee-2.5.xsd=org/springframework/ejb/config/spring-jee-2.5.xsd, http://www.springframework.org/schema/data/repository/spring-repository-1.0.xsd=org/springframework/data/repository/config/spring-repository-1.0.xsd, http://www.springframework.org/schema/task/spring-task-3.0.xsd=org/springframework/scheduling/config/spring-task-3.0.xsd, http://www.springframework.org/schema/data/jpa/spring-jpa-1.1.xsd=org/springframework/data/jpa/repository/config/spring-jpa-1.1.xsd, http://www.springframework.org/schema/lang/spring-lang.xsd=org/springframework/scripting/config/spring-lang-3.2.xsd, http://www.springframework.org/schema/context/spring-context-3.2.xsd=org/springframework/context/config/spring-context-3.2.xsd, http://www.springframework.org/schema/data/repository/spring-repository-1.5.xsd=org/springframework/data/repository/config/spring-repository-1.5.xsd, http://www.springframework.org/schema/util/spring-util-3.1.xsd=org/springframework/beans/factory/xml/spring-util-3.1.xsd, http://www.springframework.org/schema/beans/spring-beans-2.0.xsd=org/springframework/beans/factory/xml/spring-beans-2.0.xsd, http://www.springframework.org/schema/cache/spring-cache.xsd=org/springframework/cache/config/spring-cache-3.2.xsd, http://www.springframework.org/schema/tx/spring-tx.xsd=org/springframework/transaction/config/spring-tx-3.2.xsd, http://www.springframework.org/schema/beans/spring-beans-2.5.xsd=org/springframework/beans/factory/xml/spring-beans-2.5.xsd, http://www.springframework.org/schema/tx/spring-tx-2.0.xsd=org/springframework/transaction/config/spring-tx-2.0.xsd, http://www.springframework.org/schema/jdbc/spring-jdbc-3.2.xsd=org/springframework/jdbc/config/spring-jdbc-3.2.xsd, http://www.springframework.org/schema/aop/spring-aop.xsd=org/springframework/aop/config/spring-aop-3.2.xsd, http://www.springframework.org/schema/data/jpa/spring-jpa-1.0.xsd=org/springframework/data/jpa/repository/config/spring-jpa-1.0.xsd}
2017-08-25 09:56:43.264 DEBUG [main] o.s.beans.factory.xml.PluggableSchemaResolver.resolveEntity():118 -Found XML schema [http://www.springframework.org/schema/beans/spring-beans-3.0.xsd] in classpath: org/springframework/beans/factory/xml/spring-beans-3.0.xsd
2017-08-25 09:56:43.307 DEBUG [main] o.s.beans.factory.xml.PluggableSchemaResolver.resolveEntity():118 -Found XML schema [http://www.springframework.org/schema/context/spring-context-3.0.xsd] in classpath: org/springframework/context/config/spring-context-3.0.xsd
2017-08-25 09:56:43.313 DEBUG [main] o.s.beans.factory.xml.PluggableSchemaResolver.resolveEntity():118 -Found XML schema [http://www.springframework.org/schema/tool/spring-tool-3.0.xsd] in classpath: org/springframework/beans/factory/xml/spring-tool-3.0.xsd
2017-08-25 09:56:43.322 DEBUG [main] o.s.b.factory.xml.DefaultBeanDefinitionDocumentReader.registerBeanDefinitions():106 -Loading bean definitions
2017-08-25 09:56:43.366 DEBUG [main] o.s.beans.factory.xml.DefaultNamespaceHandlerResolver.getHandlerMappings():156 -Loaded NamespaceHandler mappings: {http://www.springframework.org/schema/p=org.springframework.beans.factory.xml.SimplePropertyNamespaceHandler, http://www.springframework.org/schema/mvc=org.springframework.web.servlet.config.MvcNamespaceHandler, http://www.springframework.org/schema/util=org.springframework.beans.factory.xml.UtilNamespaceHandler, http://www.springframework.org/schema/jee=org.springframework.ejb.config.JeeNamespaceHandler, http://www.springframework.org/schema/aop=org.springframework.aop.config.AopNamespaceHandler, http://www.springframework.org/schema/data/repository=org.springframework.data.repository.config.RepositoryNameSpaceHandler, http://www.springframework.org/schema/jdbc=org.springframework.jdbc.config.JdbcNamespaceHandler, http://www.springframework.org/schema/data/jpa=org.springframework.data.jpa.repository.config.JpaRepositoryNameSpaceHandler, http://www.springframework.org/schema/cache=org.springframework.cache.config.CacheNamespaceHandler, http://mybatis.org/schema/mybatis-spring=org.mybatis.spring.config.NamespaceHandler, http://www.springframework.org/schema/c=org.springframework.beans.factory.xml.SimpleConstructorNamespaceHandler, http://www.springframework.org/schema/tx=org.springframework.transaction.config.TxNamespaceHandler, http://www.springframework.org/schema/task=org.springframework.scheduling.config.TaskNamespaceHandler, http://www.springframework.org/schema/lang=org.springframework.scripting.config.LangNamespaceHandler, http://www.springframework.org/schema/context=org.springframework.context.config.ContextNamespaceHandler}
2017-08-25 09:56:43.386 DEBUG [main] o.s.core.io.support.PathMatchingResourcePatternResolver.doFindMatchingFileSystemResources():550 -Looking for matching resources in directory tree [E:\workspace2\maven_web_ssm1\target\test-classes\com\lin\service]
2017-08-25 09:56:43.386 DEBUG [main] o.s.core.io.support.PathMatchingResourcePatternResolver.doRetrieveMatchingFiles():612 -Searching directory [E:\workspace2\maven_web_ssm1\target\test-classes\com\lin\service] for files matching pattern [E:/workspace2/maven_web_ssm1/target/test-classes/com/lin/service/**/*.class]
2017-08-25 09:56:43.389 DEBUG [main] o.s.core.io.support.PathMatchingResourcePatternResolver.doFindMatchingFileSystemResources():550 -Looking for matching resources in directory tree [E:\workspace2\maven_web_ssm1\target\classes\com\lin\service]
2017-08-25 09:56:43.389 DEBUG [main] o.s.core.io.support.PathMatchingResourcePatternResolver.doRetrieveMatchingFiles():612 -Searching directory [E:\workspace2\maven_web_ssm1\target\classes\com\lin\service] for files matching pattern [E:/workspace2/maven_web_ssm1/target/classes/com/lin/service/**/*.class]
2017-08-25 09:56:43.390 DEBUG [main] o.s.core.io.support.PathMatchingResourcePatternResolver.findPathMatchingResources():351 -Resolved location pattern [classpath*:com/lin/service/**/*.class] to resources [file [E:\workspace2\maven_web_ssm1\target\test-classes\com\lin\service\UserServiceTest.class], file [E:\workspace2\maven_web_ssm1\target\classes\com\lin\service\UserService.class], file [E:\workspace2\maven_web_ssm1\target\classes\com\lin\service\UserServiceImpl.class]]
2017-08-25 09:56:43.412 DEBUG [main] o.s.context.annotation.ClassPathBeanDefinitionScanner.findCandidateComponents():273 -Identified candidate component class: file [E:\workspace2\maven_web_ssm1\target\classes\com\lin\service\UserServiceImpl.class]
2017-08-25 09:56:43.423 DEBUG [main] o.s.beans.factory.xml.BeanDefinitionParserDelegate.parseBeanDefinitionElement():500 -Neither XML 'id' nor 'name' specified - using generated bean name [org.mybatis.spring.mapper.MapperScannerConfigurer#0]
2017-08-25 09:56:43.424 DEBUG [main] o.s.beans.factory.xml.XmlBeanDefinitionReader.loadBeanDefinitions():216 -Loaded 12 bean definitions from location pattern [classpath:application.xml]
2017-08-25 09:56:43.424 INFO  [main] o.s.context.support.GenericApplicationContext.prepareRefresh():510 -Refreshing org.springframework.context.support.GenericApplicationContext@506f2775: startup date [Fri Aug 25 09:56:43 CST 2017]; root of context hierarchy
2017-08-25 09:56:43.424 DEBUG [main] o.s.context.support.GenericApplicationContext.obtainFreshBeanFactory():540 -Bean factory for org.springframework.context.support.GenericApplicationContext@506f2775: org.springframework.beans.factory.support.DefaultListableBeanFactory@2f51cd27: defining beans [validator,propertyConfigurer,userServiceImpl,org.springframework.context.annotation.internalConfigurationAnnotationProcessor,org.springframework.context.annotation.internalAutowiredAnnotationProcessor,org.springframework.context.annotation.internalRequiredAnnotationProcessor,org.springframework.context.annotation.internalCommonAnnotationProcessor,org.springframework.context.config.internalBeanConfigurerAspect,conversionService,dataSource,org.mybatis.spring.mapper.MapperScannerConfigurer#0,sqlSessionFactory]; root of factory hierarchy
2017-08-25 09:56:43.439 DEBUG [main] o.s.beans.factory.support.DefaultListableBeanFactory.doGetBeanNamesForType():374 -Ignoring bean class loading failure for bean 'validator'
org.springframework.beans.factory.CannotLoadBeanClassException: Error loading class [org.springframework.validation.beanvalidation.LocalValidatorFactoryBean] for bean with name 'validator' defined in class path resource [application.xml]: problem with class file or dependent class; nested exception is java.lang.NoClassDefFoundError: javax/validation/ValidatorFactory
	at org.springframework.beans.factory.support.AbstractBeanFactory.resolveBeanClass(AbstractBeanFactory.java:1284) ~[spring-beans-3.2.8.RELEASE.jar:3.2.8.RELEASE]
	at org.springframework.beans.factory.support.AbstractAutowireCapableBeanFactory.predictBeanType(AbstractAutowireCapableBeanFactory.java:575) ~[spring-beans-3.2.8.RELEASE.jar:3.2.8.RELEASE]
	at org.springframework.beans.factory.support.AbstractBeanFactory.isFactoryBean(AbstractBeanFactory.java:1350) ~[spring-beans-3.2.8.RELEASE.jar:3.2.8.RELEASE]
	at org.springframework.beans.factory.support.DefaultListableBeanFactory.doGetBeanNamesForType(DefaultListableBeanFactory.java:355) [spring-beans-3.2.8.RELEASE.jar:3.2.8.RELEASE]
	at org.springframework.beans.factory.support.DefaultListableBeanFactory.getBeanNamesForType(DefaultListableBeanFactory.java:326) [spring-beans-3.2.8.RELEASE.jar:3.2.8.RELEASE]
	at org.springframework.beans.factory.support.DefaultListableBeanFactory.getBeansOfType(DefaultListableBeanFactory.java:434) [spring-beans-3.2.8.RELEASE.jar:3.2.8.RELEASE]
	at org.springframework.context.support.AbstractApplicationContext.invokeBeanFactoryPostProcessors(AbstractApplicationContext.java:624) [spring-context-3.2.8.RELEASE.jar:3.2.8.RELEASE]
	at org.springframework.context.support.AbstractApplicationContext.refresh(AbstractApplicationContext.java:461) [spring-context-3.2.8.RELEASE.jar:3.2.8.RELEASE]
	at org.springframework.test.context.support.AbstractGenericContextLoader.loadContext(AbstractGenericContextLoader.java:120) [spring-test-3.2.8.RELEASE.jar:3.2.8.RELEASE]
	at org.springframework.test.context.support.AbstractGenericContextLoader.loadContext(AbstractGenericContextLoader.java:60) [spring-test-3.2.8.RELEASE.jar:3.2.8.RELEASE]
	at org.springframework.test.context.support.AbstractDelegatingSmartContextLoader.delegateLoading(AbstractDelegatingSmartContextLoader.java:100) [spring-test-3.2.8.RELEASE.jar:3.2.8.RELEASE]
	at org.springframework.test.context.support.AbstractDelegatingSmartContextLoader.loadContext(AbstractDelegatingSmartContextLoader.java:248) [spring-test-3.2.8.RELEASE.jar:3.2.8.RELEASE]
	at org.springframework.test.context.CacheAwareContextLoaderDelegate.loadContextInternal(CacheAwareContextLoaderDelegate.java:64) [spring-test-3.2.8.RELEASE.jar:3.2.8.RELEASE]
	at org.springframework.test.context.CacheAwareContextLoaderDelegate.loadContext(CacheAwareContextLoaderDelegate.java:91) [spring-test-3.2.8.RELEASE.jar:3.2.8.RELEASE]
	at org.springframework.test.context.TestContext.getApplicationContext(TestContext.java:122) [spring-test-3.2.8.RELEASE.jar:3.2.8.RELEASE]
	at org.springframework.test.context.support.DependencyInjectionTestExecutionListener.injectDependencies(DependencyInjectionTestExecutionListener.java:109) [spring-test-3.2.8.RELEASE.jar:3.2.8.RELEASE]
	at org.springframework.test.context.support.DependencyInjectionTestExecutionListener.prepareTestInstance(DependencyInjectionTestExecutionListener.java:75) [spring-test-3.2.8.RELEASE.jar:3.2.8.RELEASE]
	at org.springframework.test.context.TestContextManager.prepareTestInstance(TestContextManager.java:307) [spring-test-3.2.8.RELEASE.jar:3.2.8.RELEASE]
	at org.springframework.test.context.junit4.SpringJUnit4ClassRunner.createTest(SpringJUnit4ClassRunner.java:211) [spring-test-3.2.8.RELEASE.jar:3.2.8.RELEASE]
	at org.springframework.test.context.junit4.SpringJUnit4ClassRunner$1.runReflectiveCall(SpringJUnit4ClassRunner.java:288) [spring-test-3.2.8.RELEASE.jar:3.2.8.RELEASE]
	at org.junit.internal.runners.model.ReflectiveCallable.run(ReflectiveCallable.java:15) [junit-4.10.jar:na]
	at org.springframework.test.context.junit4.SpringJUnit4ClassRunner.methodBlock(SpringJUnit4ClassRunner.java:284) [spring-test-3.2.8.RELEASE.jar:3.2.8.RELEASE]
	at org.springframework.test.context.junit4.SpringJUnit4ClassRunner.runChild(SpringJUnit4ClassRunner.java:231) [spring-test-3.2.8.RELEASE.jar:3.2.8.RELEASE]
	at org.springframework.test.context.junit4.SpringJUnit4ClassRunner.runChild(SpringJUnit4ClassRunner.java:88) [spring-test-3.2.8.RELEASE.jar:3.2.8.RELEASE]
	at org.junit.runners.ParentRunner$3.run(ParentRunner.java:231) [junit-4.10.jar:na]
	at org.junit.runners.ParentRunner$1.schedule(ParentRunner.java:60) [junit-4.10.jar:na]
	at org.junit.runners.ParentRunner.runChildren(ParentRunner.java:229) [junit-4.10.jar:na]
	at org.junit.runners.ParentRunner.access$000(ParentRunner.java:50) [junit-4.10.jar:na]
	at org.junit.runners.ParentRunner$2.evaluate(ParentRunner.java:222) [junit-4.10.jar:na]
	at org.springframework.test.context.junit4.statements.RunBeforeTestClassCallbacks.evaluate(RunBeforeTestClassCallbacks.java:61) [spring-test-3.2.8.RELEASE.jar:3.2.8.RELEASE]
	at org.springframework.test.context.junit4.statements.RunAfterTestClassCallbacks.evaluate(RunAfterTestClassCallbacks.java:71) [spring-test-3.2.8.RELEASE.jar:3.2.8.RELEASE]
	at org.junit.runners.ParentRunner.run(ParentRunner.java:300) [junit-4.10.jar:na]
	at org.springframework.test.context.junit4.SpringJUnit4ClassRunner.run(SpringJUnit4ClassRunner.java:174) [spring-test-3.2.8.RELEASE.jar:3.2.8.RELEASE]
	at org.eclipse.jdt.internal.junit4.runner.JUnit4TestReference.run(JUnit4TestReference.java:50) [.cp/:na]
	at org.eclipse.jdt.internal.junit.runner.TestExecution.run(TestExecution.java:38) [.cp/:na]
	at org.eclipse.jdt.internal.junit.runner.RemoteTestRunner.runTests(RemoteTestRunner.java:459) [.cp/:na]
	at org.eclipse.jdt.internal.junit.runner.RemoteTestRunner.runTests(RemoteTestRunner.java:675) [.cp/:na]
	at org.eclipse.jdt.internal.junit.runner.RemoteTestRunner.run(RemoteTestRunner.java:382) [.cp/:na]
	at org.eclipse.jdt.internal.junit.runner.RemoteTestRunner.main(RemoteTestRunner.java:192) [.cp/:na]
Caused by: java.lang.NoClassDefFoundError: javax/validation/ValidatorFactory
	at java.lang.ClassLoader.defineClass1(Native Method) ~[na:1.7.0_79]
	at java.lang.ClassLoader.defineClass(Unknown Source) ~[na:1.7.0_79]
	at java.security.SecureClassLoader.defineClass(Unknown Source) ~[na:1.7.0_79]
	at java.net.URLClassLoader.defineClass(Unknown Source) ~[na:1.7.0_79]
	at java.net.URLClassLoader.access$100(Unknown Source) ~[na:1.7.0_79]
	at java.net.URLClassLoader$1.run(Unknown Source) ~[na:1.7.0_79]
	at java.net.URLClassLoader$1.run(Unknown Source) ~[na:1.7.0_79]
	at java.security.AccessController.doPrivileged(Native Method) ~[na:1.7.0_79]
	at java.net.URLClassLoader.findClass(Unknown Source) ~[na:1.7.0_79]
	at java.lang.ClassLoader.loadClass(Unknown Source) ~[na:1.7.0_79]
	at sun.misc.Launcher$AppClassLoader.loadClass(Unknown Source) ~[na:1.7.0_79]
	at java.lang.ClassLoader.loadClass(Unknown Source) ~[na:1.7.0_79]
	at org.springframework.util.ClassUtils.forName(ClassUtils.java:255) ~[spring-core-3.2.8.RELEASE.jar:3.2.8.RELEASE]
	at org.springframework.beans.factory.support.AbstractBeanDefinition.resolveBeanClass(AbstractBeanDefinition.java:416) ~[spring-beans-3.2.8.RELEASE.jar:3.2.8.RELEASE]
	at org.springframework.beans.factory.support.AbstractBeanFactory.doResolveBeanClass(AbstractBeanFactory.java:1302) ~[spring-beans-3.2.8.RELEASE.jar:3.2.8.RELEASE]
	at org.springframework.beans.factory.support.AbstractBeanFactory.resolveBeanClass(AbstractBeanFactory.java:1273) ~[spring-beans-3.2.8.RELEASE.jar:3.2.8.RELEASE]
	... 38 common frames omitted
Caused by: java.lang.ClassNotFoundException: javax.validation.ValidatorFactory
	at java.net.URLClassLoader$1.run(Unknown Source) ~[na:1.7.0_79]
	at java.net.URLClassLoader$1.run(Unknown Source) ~[na:1.7.0_79]
	at java.security.AccessController.doPrivileged(Native Method) ~[na:1.7.0_79]
	at java.net.URLClassLoader.findClass(Unknown Source) ~[na:1.7.0_79]
	at java.lang.ClassLoader.loadClass(Unknown Source) ~[na:1.7.0_79]
	at sun.misc.Launcher$AppClassLoader.loadClass(Unknown Source) ~[na:1.7.0_79]
	at java.lang.ClassLoader.loadClass(Unknown Source) ~[na:1.7.0_79]
	... 54 common frames omitted
2017-08-25 09:56:43.452 DEBUG [main] o.s.beans.factory.support.DefaultListableBeanFactory.getSingleton():215 -Creating shared instance of singleton bean 'org.springframework.context.annotation.internalConfigurationAnnotationProcessor'
2017-08-25 09:56:43.453 DEBUG [main] o.s.beans.factory.support.DefaultListableBeanFactory.createBean():432 -Creating instance of bean 'org.springframework.context.annotation.internalConfigurationAnnotationProcessor'
2017-08-25 09:56:43.469 DEBUG [main] o.s.beans.factory.support.DefaultListableBeanFactory.doCreateBean():506 -Eagerly caching bean 'org.springframework.context.annotation.internalConfigurationAnnotationProcessor' to allow for resolving potential circular references
2017-08-25 09:56:43.470 DEBUG [main] o.s.beans.factory.support.DefaultListableBeanFactory.createBean():460 -Finished creating instance of bean 'org.springframework.context.annotation.internalConfigurationAnnotationProcessor'
2017-08-25 09:56:43.471 DEBUG [main] o.s.beans.factory.support.DefaultListableBeanFactory.getSingleton():215 -Creating shared instance of singleton bean 'org.mybatis.spring.mapper.MapperScannerConfigurer#0'
2017-08-25 09:56:43.471 DEBUG [main] o.s.beans.factory.support.DefaultListableBeanFactory.createBean():432 -Creating instance of bean 'org.mybatis.spring.mapper.MapperScannerConfigurer#0'
2017-08-25 09:56:43.471 DEBUG [main] o.s.beans.factory.support.DefaultListableBeanFactory.doCreateBean():506 -Eagerly caching bean 'org.mybatis.spring.mapper.MapperScannerConfigurer#0' to allow for resolving potential circular references
2017-08-25 09:56:43.504 DEBUG [main] o.s.beans.factory.support.DefaultListableBeanFactory.invokeInitMethods():1555 -Invoking afterPropertiesSet() on bean with name 'org.mybatis.spring.mapper.MapperScannerConfigurer#0'
2017-08-25 09:56:43.504 DEBUG [main] o.s.beans.factory.support.DefaultListableBeanFactory.createBean():460 -Finished creating instance of bean 'org.mybatis.spring.mapper.MapperScannerConfigurer#0'
2017-08-25 09:56:43.532 DEBUG [main] org.springframework.core.env.StandardEnvironment.addLast():107 -Adding [systemProperties] PropertySource with lowest search precedence
2017-08-25 09:56:43.533 DEBUG [main] org.springframework.core.env.StandardEnvironment.addLast():107 -Adding [systemEnvironment] PropertySource with lowest search precedence
2017-08-25 09:56:43.533 DEBUG [main] org.springframework.core.env.StandardEnvironment.<init>():126 -Initialized StandardEnvironment with PropertySources [systemProperties,systemEnvironment]
2017-08-25 09:56:43.535 DEBUG [main] o.s.core.io.support.PathMatchingResourcePatternResolver.doFindMatchingFileSystemResources():550 -Looking for matching resources in directory tree [E:\workspace2\maven_web_ssm1\target\classes\com\lin\dao]
2017-08-25 09:56:43.535 DEBUG [main] o.s.core.io.support.PathMatchingResourcePatternResolver.doRetrieveMatchingFiles():612 -Searching directory [E:\workspace2\maven_web_ssm1\target\classes\com\lin\dao] for files matching pattern [E:/workspace2/maven_web_ssm1/target/classes/com/lin/dao/**/*.class]
2017-08-25 09:56:43.535 DEBUG [main] o.s.core.io.support.PathMatchingResourcePatternResolver.findPathMatchingResources():351 -Resolved location pattern [classpath*:com/lin/dao/**/*.class] to resources [file [E:\workspace2\maven_web_ssm1\target\classes\com\lin\dao\UserDao.class]]
2017-08-25 09:56:43.536 DEBUG [main] org.mybatis.spring.mapper.ClassPathMapperScanner.findCandidateComponents():273 -Identified candidate component class: file [E:\workspace2\maven_web_ssm1\target\classes\com\lin\dao\UserDao.class]
2017-08-25 09:56:43.536 DEBUG [main] org.mybatis.spring.mapper.ClassPathMapperScanner.doScan():161 -Creating MapperFactoryBean with name 'userDao' and 'com.lin.dao.UserDao' mapperInterface
2017-08-25 09:56:43.537 DEBUG [main] org.mybatis.spring.mapper.ClassPathMapperScanner.doScan():197 -Enabling autowire by type for MapperFactoryBean with name 'userDao'.
2017-08-25 09:56:43.539 DEBUG [main] o.s.beans.factory.support.DefaultListableBeanFactory.doGetBeanNamesForType():374 -Ignoring bean class loading failure for bean 'validator'
org.springframework.beans.factory.CannotLoadBeanClassException: Error loading class [org.springframework.validation.beanvalidation.LocalValidatorFactoryBean] for bean with name 'validator' defined in class path resource [application.xml]: problem with class file or dependent class; nested exception is java.lang.NoClassDefFoundError: javax/validation/ValidatorFactory
	at org.springframework.beans.factory.support.AbstractBeanFactory.resolveBeanClass(AbstractBeanFactory.java:1284) ~[spring-beans-3.2.8.RELEASE.jar:3.2.8.RELEASE]
	at org.springframework.beans.factory.support.AbstractAutowireCapableBeanFactory.predictBeanType(AbstractAutowireCapableBeanFactory.java:575) ~[spring-beans-3.2.8.RELEASE.jar:3.2.8.RELEASE]
	at org.springframework.beans.factory.support.AbstractBeanFactory.isFactoryBean(AbstractBeanFactory.java:1350) ~[spring-beans-3.2.8.RELEASE.jar:3.2.8.RELEASE]
	at org.springframework.beans.factory.support.DefaultListableBeanFactory.doGetBeanNamesForType(DefaultListableBeanFactory.java:355) [spring-beans-3.2.8.RELEASE.jar:3.2.8.RELEASE]
	at org.springframework.beans.factory.support.DefaultListableBeanFactory.getBeanNamesForType(DefaultListableBeanFactory.java:326) [spring-beans-3.2.8.RELEASE.jar:3.2.8.RELEASE]
	at org.springframework.context.support.AbstractApplicationContext.invokeBeanFactoryPostProcessors(AbstractApplicationContext.java:644) [spring-context-3.2.8.RELEASE.jar:3.2.8.RELEASE]
	at org.springframework.context.support.AbstractApplicationContext.refresh(AbstractApplicationContext.java:461) [spring-context-3.2.8.RELEASE.jar:3.2.8.RELEASE]
	at org.springframework.test.context.support.AbstractGenericContextLoader.loadContext(AbstractGenericContextLoader.java:120) [spring-test-3.2.8.RELEASE.jar:3.2.8.RELEASE]
	at org.springframework.test.context.support.AbstractGenericContextLoader.loadContext(AbstractGenericContextLoader.java:60) [spring-test-3.2.8.RELEASE.jar:3.2.8.RELEASE]
	at org.springframework.test.context.support.AbstractDelegatingSmartContextLoader.delegateLoading(AbstractDelegatingSmartContextLoader.java:100) [spring-test-3.2.8.RELEASE.jar:3.2.8.RELEASE]
	at org.springframework.test.context.support.AbstractDelegatingSmartContextLoader.loadContext(AbstractDelegatingSmartContextLoader.java:248) [spring-test-3.2.8.RELEASE.jar:3.2.8.RELEASE]
	at org.springframework.test.context.CacheAwareContextLoaderDelegate.loadContextInternal(CacheAwareContextLoaderDelegate.java:64) [spring-test-3.2.8.RELEASE.jar:3.2.8.RELEASE]
	at org.springframework.test.context.CacheAwareContextLoaderDelegate.loadContext(CacheAwareContextLoaderDelegate.java:91) [spring-test-3.2.8.RELEASE.jar:3.2.8.RELEASE]
	at org.springframework.test.context.TestContext.getApplicationContext(TestContext.java:122) [spring-test-3.2.8.RELEASE.jar:3.2.8.RELEASE]
	at org.springframework.test.context.support.DependencyInjectionTestExecutionListener.injectDependencies(DependencyInjectionTestExecutionListener.java:109) [spring-test-3.2.8.RELEASE.jar:3.2.8.RELEASE]
	at org.springframework.test.context.support.DependencyInjectionTestExecutionListener.prepareTestInstance(DependencyInjectionTestExecutionListener.java:75) [spring-test-3.2.8.RELEASE.jar:3.2.8.RELEASE]
	at org.springframework.test.context.TestContextManager.prepareTestInstance(TestContextManager.java:307) [spring-test-3.2.8.RELEASE.jar:3.2.8.RELEASE]
	at org.springframework.test.context.junit4.SpringJUnit4ClassRunner.createTest(SpringJUnit4ClassRunner.java:211) [spring-test-3.2.8.RELEASE.jar:3.2.8.RELEASE]
	at org.springframework.test.context.junit4.SpringJUnit4ClassRunner$1.runReflectiveCall(SpringJUnit4ClassRunner.java:288) [spring-test-3.2.8.RELEASE.jar:3.2.8.RELEASE]
	at org.junit.internal.runners.model.ReflectiveCallable.run(ReflectiveCallable.java:15) [junit-4.10.jar:na]
	at org.springframework.test.context.junit4.SpringJUnit4ClassRunner.methodBlock(SpringJUnit4ClassRunner.java:284) [spring-test-3.2.8.RELEASE.jar:3.2.8.RELEASE]
	at org.springframework.test.context.junit4.SpringJUnit4ClassRunner.runChild(SpringJUnit4ClassRunner.java:231) [spring-test-3.2.8.RELEASE.jar:3.2.8.RELEASE]
	at org.springframework.test.context.junit4.SpringJUnit4ClassRunner.runChild(SpringJUnit4ClassRunner.java:88) [spring-test-3.2.8.RELEASE.jar:3.2.8.RELEASE]
	at org.junit.runners.ParentRunner$3.run(ParentRunner.java:231) [junit-4.10.jar:na]
	at org.junit.runners.ParentRunner$1.schedule(ParentRunner.java:60) [junit-4.10.jar:na]
	at org.junit.runners.ParentRunner.runChildren(ParentRunner.java:229) [junit-4.10.jar:na]
	at org.junit.runners.ParentRunner.access$000(ParentRunner.java:50) [junit-4.10.jar:na]
	at org.junit.runners.ParentRunner$2.evaluate(ParentRunner.java:222) [junit-4.10.jar:na]
	at org.springframework.test.context.junit4.statements.RunBeforeTestClassCallbacks.evaluate(RunBeforeTestClassCallbacks.java:61) [spring-test-3.2.8.RELEASE.jar:3.2.8.RELEASE]
	at org.springframework.test.context.junit4.statements.RunAfterTestClassCallbacks.evaluate(RunAfterTestClassCallbacks.java:71) [spring-test-3.2.8.RELEASE.jar:3.2.8.RELEASE]
	at org.junit.runners.ParentRunner.run(ParentRunner.java:300) [junit-4.10.jar:na]
	at org.springframework.test.context.junit4.SpringJUnit4ClassRunner.run(SpringJUnit4ClassRunner.java:174) [spring-test-3.2.8.RELEASE.jar:3.2.8.RELEASE]
	at org.eclipse.jdt.internal.junit4.runner.JUnit4TestReference.run(JUnit4TestReference.java:50) [.cp/:na]
	at org.eclipse.jdt.internal.junit.runner.TestExecution.run(TestExecution.java:38) [.cp/:na]
	at org.eclipse.jdt.internal.junit.runner.RemoteTestRunner.runTests(RemoteTestRunner.java:459) [.cp/:na]
	at org.eclipse.jdt.internal.junit.runner.RemoteTestRunner.runTests(RemoteTestRunner.java:675) [.cp/:na]
	at org.eclipse.jdt.internal.junit.runner.RemoteTestRunner.run(RemoteTestRunner.java:382) [.cp/:na]
	at org.eclipse.jdt.internal.junit.runner.RemoteTestRunner.main(RemoteTestRunner.java:192) [.cp/:na]
Caused by: java.lang.NoClassDefFoundError: javax/validation/ValidatorFactory
	at java.lang.ClassLoader.defineClass1(Native Method) ~[na:1.7.0_79]
	at java.lang.ClassLoader.defineClass(Unknown Source) ~[na:1.7.0_79]
	at java.security.SecureClassLoader.defineClass(Unknown Source) ~[na:1.7.0_79]
	at java.net.URLClassLoader.defineClass(Unknown Source) ~[na:1.7.0_79]
	at java.net.URLClassLoader.access$100(Unknown Source) ~[na:1.7.0_79]
	at java.net.URLClassLoader$1.run(Unknown Source) ~[na:1.7.0_79]
	at java.net.URLClassLoader$1.run(Unknown Source) ~[na:1.7.0_79]
	at java.security.AccessController.doPrivileged(Native Method) ~[na:1.7.0_79]
	at java.net.URLClassLoader.findClass(Unknown Source) ~[na:1.7.0_79]
	at java.lang.ClassLoader.loadClass(Unknown Source) ~[na:1.7.0_79]
	at sun.misc.Launcher$AppClassLoader.loadClass(Unknown Source) ~[na:1.7.0_79]
	at java.lang.ClassLoader.loadClass(Unknown Source) ~[na:1.7.0_79]
	at org.springframework.util.ClassUtils.forName(ClassUtils.java:255) ~[spring-core-3.2.8.RELEASE.jar:3.2.8.RELEASE]
	at org.springframework.beans.factory.support.AbstractBeanDefinition.resolveBeanClass(AbstractBeanDefinition.java:416) ~[spring-beans-3.2.8.RELEASE.jar:3.2.8.RELEASE]
	at org.springframework.beans.factory.support.AbstractBeanFactory.doResolveBeanClass(AbstractBeanFactory.java:1302) ~[spring-beans-3.2.8.RELEASE.jar:3.2.8.RELEASE]
	at org.springframework.beans.factory.support.AbstractBeanFactory.resolveBeanClass(AbstractBeanFactory.java:1273) ~[spring-beans-3.2.8.RELEASE.jar:3.2.8.RELEASE]
	... 37 common frames omitted
Caused by: java.lang.ClassNotFoundException: javax.validation.ValidatorFactory
	at java.net.URLClassLoader$1.run(Unknown Source) ~[na:1.7.0_79]
	at java.net.URLClassLoader$1.run(Unknown Source) ~[na:1.7.0_79]
	at java.security.AccessController.doPrivileged(Native Method) ~[na:1.7.0_79]
	at java.net.URLClassLoader.findClass(Unknown Source) ~[na:1.7.0_79]
	at java.lang.ClassLoader.loadClass(Unknown Source) ~[na:1.7.0_79]
	at sun.misc.Launcher$AppClassLoader.loadClass(Unknown Source) ~[na:1.7.0_79]
	at java.lang.ClassLoader.loadClass(Unknown Source) ~[na:1.7.0_79]
	... 53 common frames omitted
2017-08-25 09:56:43.541 DEBUG [main] o.s.beans.factory.support.DefaultListableBeanFactory.getSingleton():215 -Creating shared instance of singleton bean 'propertyConfigurer'
2017-08-25 09:56:43.541 DEBUG [main] o.s.beans.factory.support.DefaultListableBeanFactory.createBean():432 -Creating instance of bean 'propertyConfigurer'
2017-08-25 09:56:43.544 DEBUG [main] o.s.beans.factory.support.DefaultListableBeanFactory.doCreateBean():506 -Eagerly caching bean 'propertyConfigurer' to allow for resolving potential circular references
2017-08-25 09:56:43.552 DEBUG [main] o.s.core.io.support.PathMatchingResourcePatternResolver.doFindMatchingFileSystemResources():550 -Looking for matching resources in directory tree [E:\workspace2\maven_web_ssm1\target\classes\properties]
2017-08-25 09:56:43.552 DEBUG [main] o.s.core.io.support.PathMatchingResourcePatternResolver.doRetrieveMatchingFiles():612 -Searching directory [E:\workspace2\maven_web_ssm1\target\classes\properties] for files matching pattern [E:/workspace2/maven_web_ssm1/target/classes/properties/*.properties]
2017-08-25 09:56:43.553 DEBUG [main] o.s.core.io.support.PathMatchingResourcePatternResolver.findPathMatchingResources():351 -Resolved location pattern [classpath:properties/*.properties] to resources [file [E:\workspace2\maven_web_ssm1\target\classes\properties\jdbc.properties]]
2017-08-25 09:56:43.553 DEBUG [main] o.s.beans.factory.support.DefaultListableBeanFactory.createBean():460 -Finished creating instance of bean 'propertyConfigurer'
2017-08-25 09:56:43.553 INFO  [main] o.s.beans.factory.config.PropertyPlaceholderConfigurer.loadProperties():172 -Loading properties file from file [E:\workspace2\maven_web_ssm1\target\classes\properties\jdbc.properties]
2017-08-25 09:56:43.565 DEBUG [main] o.s.beans.factory.support.DefaultListableBeanFactory.doGetBeanNamesForType():374 -Ignoring bean class loading failure for bean 'validator'
org.springframework.beans.factory.CannotLoadBeanClassException: Error loading class [org.springframework.validation.beanvalidation.LocalValidatorFactoryBean] for bean with name 'validator' defined in class path resource [application.xml]: problem with class file or dependent class; nested exception is java.lang.NoClassDefFoundError: javax/validation/ValidatorFactory
	at org.springframework.beans.factory.support.AbstractBeanFactory.resolveBeanClass(AbstractBeanFactory.java:1284) ~[spring-beans-3.2.8.RELEASE.jar:3.2.8.RELEASE]
	at org.springframework.beans.factory.support.AbstractAutowireCapableBeanFactory.predictBeanType(AbstractAutowireCapableBeanFactory.java:575) ~[spring-beans-3.2.8.RELEASE.jar:3.2.8.RELEASE]
	at org.springframework.beans.factory.support.AbstractBeanFactory.isFactoryBean(AbstractBeanFactory.java:1350) ~[spring-beans-3.2.8.RELEASE.jar:3.2.8.RELEASE]
	at org.springframework.beans.factory.support.DefaultListableBeanFactory.doGetBeanNamesForType(DefaultListableBeanFactory.java:355) [spring-beans-3.2.8.RELEASE.jar:3.2.8.RELEASE]
	at org.springframework.beans.factory.support.DefaultListableBeanFactory.getBeanNamesForType(DefaultListableBeanFactory.java:326) [spring-beans-3.2.8.RELEASE.jar:3.2.8.RELEASE]
	at org.springframework.context.support.AbstractApplicationContext.registerBeanPostProcessors(AbstractApplicationContext.java:704) [spring-context-3.2.8.RELEASE.jar:3.2.8.RELEASE]
	at org.springframework.context.support.AbstractApplicationContext.refresh(AbstractApplicationContext.java:464) [spring-context-3.2.8.RELEASE.jar:3.2.8.RELEASE]
	at org.springframework.test.context.support.AbstractGenericContextLoader.loadContext(AbstractGenericContextLoader.java:120) [spring-test-3.2.8.RELEASE.jar:3.2.8.RELEASE]
	at org.springframework.test.context.support.AbstractGenericContextLoader.loadContext(AbstractGenericContextLoader.java:60) [spring-test-3.2.8.RELEASE.jar:3.2.8.RELEASE]
	at org.springframework.test.context.support.AbstractDelegatingSmartContextLoader.delegateLoading(AbstractDelegatingSmartContextLoader.java:100) [spring-test-3.2.8.RELEASE.jar:3.2.8.RELEASE]
	at org.springframework.test.context.support.AbstractDelegatingSmartContextLoader.loadContext(AbstractDelegatingSmartContextLoader.java:248) [spring-test-3.2.8.RELEASE.jar:3.2.8.RELEASE]
	at org.springframework.test.context.CacheAwareContextLoaderDelegate.loadContextInternal(CacheAwareContextLoaderDelegate.java:64) [spring-test-3.2.8.RELEASE.jar:3.2.8.RELEASE]
	at org.springframework.test.context.CacheAwareContextLoaderDelegate.loadContext(CacheAwareContextLoaderDelegate.java:91) [spring-test-3.2.8.RELEASE.jar:3.2.8.RELEASE]
	at org.springframework.test.context.TestContext.getApplicationContext(TestContext.java:122) [spring-test-3.2.8.RELEASE.jar:3.2.8.RELEASE]
	at org.springframework.test.context.support.DependencyInjectionTestExecutionListener.injectDependencies(DependencyInjectionTestExecutionListener.java:109) [spring-test-3.2.8.RELEASE.jar:3.2.8.RELEASE]
	at org.springframework.test.context.support.DependencyInjectionTestExecutionListener.prepareTestInstance(DependencyInjectionTestExecutionListener.java:75) [spring-test-3.2.8.RELEASE.jar:3.2.8.RELEASE]
	at org.springframework.test.context.TestContextManager.prepareTestInstance(TestContextManager.java:307) [spring-test-3.2.8.RELEASE.jar:3.2.8.RELEASE]
	at org.springframework.test.context.junit4.SpringJUnit4ClassRunner.createTest(SpringJUnit4ClassRunner.java:211) [spring-test-3.2.8.RELEASE.jar:3.2.8.RELEASE]
	at org.springframework.test.context.junit4.SpringJUnit4ClassRunner$1.runReflectiveCall(SpringJUnit4ClassRunner.java:288) [spring-test-3.2.8.RELEASE.jar:3.2.8.RELEASE]
	at org.junit.internal.runners.model.ReflectiveCallable.run(ReflectiveCallable.java:15) [junit-4.10.jar:na]
	at org.springframework.test.context.junit4.SpringJUnit4ClassRunner.methodBlock(SpringJUnit4ClassRunner.java:284) [spring-test-3.2.8.RELEASE.jar:3.2.8.RELEASE]
	at org.springframework.test.context.junit4.SpringJUnit4ClassRunner.runChild(SpringJUnit4ClassRunner.java:231) [spring-test-3.2.8.RELEASE.jar:3.2.8.RELEASE]
	at org.springframework.test.context.junit4.SpringJUnit4ClassRunner.runChild(SpringJUnit4ClassRunner.java:88) [spring-test-3.2.8.RELEASE.jar:3.2.8.RELEASE]
	at org.junit.runners.ParentRunner$3.run(ParentRunner.java:231) [junit-4.10.jar:na]
	at org.junit.runners.ParentRunner$1.schedule(ParentRunner.java:60) [junit-4.10.jar:na]
	at org.junit.runners.ParentRunner.runChildren(ParentRunner.java:229) [junit-4.10.jar:na]
	at org.junit.runners.ParentRunner.access$000(ParentRunner.java:50) [junit-4.10.jar:na]
	at org.junit.runners.ParentRunner$2.evaluate(ParentRunner.java:222) [junit-4.10.jar:na]
	at org.springframework.test.context.junit4.statements.RunBeforeTestClassCallbacks.evaluate(RunBeforeTestClassCallbacks.java:61) [spring-test-3.2.8.RELEASE.jar:3.2.8.RELEASE]
	at org.springframework.test.context.junit4.statements.RunAfterTestClassCallbacks.evaluate(RunAfterTestClassCallbacks.java:71) [spring-test-3.2.8.RELEASE.jar:3.2.8.RELEASE]
	at org.junit.runners.ParentRunner.run(ParentRunner.java:300) [junit-4.10.jar:na]
	at org.springframework.test.context.junit4.SpringJUnit4ClassRunner.run(SpringJUnit4ClassRunner.java:174) [spring-test-3.2.8.RELEASE.jar:3.2.8.RELEASE]
	at org.eclipse.jdt.internal.junit4.runner.JUnit4TestReference.run(JUnit4TestReference.java:50) [.cp/:na]
	at org.eclipse.jdt.internal.junit.runner.TestExecution.run(TestExecution.java:38) [.cp/:na]
	at org.eclipse.jdt.internal.junit.runner.RemoteTestRunner.runTests(RemoteTestRunner.java:459) [.cp/:na]
	at org.eclipse.jdt.internal.junit.runner.RemoteTestRunner.runTests(RemoteTestRunner.java:675) [.cp/:na]
	at org.eclipse.jdt.internal.junit.runner.RemoteTestRunner.run(RemoteTestRunner.java:382) [.cp/:na]
	at org.eclipse.jdt.internal.junit.runner.RemoteTestRunner.main(RemoteTestRunner.java:192) [.cp/:na]
Caused by: java.lang.NoClassDefFoundError: javax/validation/ValidatorFactory
	at java.lang.ClassLoader.defineClass1(Native Method) ~[na:1.7.0_79]
	at java.lang.ClassLoader.defineClass(Unknown Source) ~[na:1.7.0_79]
	at java.security.SecureClassLoader.defineClass(Unknown Source) ~[na:1.7.0_79]
	at java.net.URLClassLoader.defineClass(Unknown Source) ~[na:1.7.0_79]
	at java.net.URLClassLoader.access$100(Unknown Source) ~[na:1.7.0_79]
	at java.net.URLClassLoader$1.run(Unknown Source) ~[na:1.7.0_79]
	at java.net.URLClassLoader$1.run(Unknown Source) ~[na:1.7.0_79]
	at java.security.AccessController.doPrivileged(Native Method) ~[na:1.7.0_79]
	at java.net.URLClassLoader.findClass(Unknown Source) ~[na:1.7.0_79]
	at java.lang.ClassLoader.loadClass(Unknown Source) ~[na:1.7.0_79]
	at sun.misc.Launcher$AppClassLoader.loadClass(Unknown Source) ~[na:1.7.0_79]
	at java.lang.ClassLoader.loadClass(Unknown Source) ~[na:1.7.0_79]
	at org.springframework.util.ClassUtils.forName(ClassUtils.java:255) ~[spring-core-3.2.8.RELEASE.jar:3.2.8.RELEASE]
	at org.springframework.beans.factory.support.AbstractBeanDefinition.resolveBeanClass(AbstractBeanDefinition.java:416) ~[spring-beans-3.2.8.RELEASE.jar:3.2.8.RELEASE]
	at org.springframework.beans.factory.support.AbstractBeanFactory.doResolveBeanClass(AbstractBeanFactory.java:1302) ~[spring-beans-3.2.8.RELEASE.jar:3.2.8.RELEASE]
	at org.springframework.beans.factory.support.AbstractBeanFactory.resolveBeanClass(AbstractBeanFactory.java:1273) ~[spring-beans-3.2.8.RELEASE.jar:3.2.8.RELEASE]
	... 37 common frames omitted
Caused by: java.lang.ClassNotFoundException: javax.validation.ValidatorFactory
	at java.net.URLClassLoader$1.run(Unknown Source) ~[na:1.7.0_79]
	at java.net.URLClassLoader$1.run(Unknown Source) ~[na:1.7.0_79]
	at java.security.AccessController.doPrivileged(Native Method) ~[na:1.7.0_79]
	at java.net.URLClassLoader.findClass(Unknown Source) ~[na:1.7.0_79]
	at java.lang.ClassLoader.loadClass(Unknown Source) ~[na:1.7.0_79]
	at sun.misc.Launcher$AppClassLoader.loadClass(Unknown Source) ~[na:1.7.0_79]
	at java.lang.ClassLoader.loadClass(Unknown Source) ~[na:1.7.0_79]
	... 53 common frames omitted
2017-08-25 09:56:43.567 DEBUG [main] o.s.beans.factory.support.DefaultListableBeanFactory.getSingleton():215 -Creating shared instance of singleton bean 'org.springframework.context.annotation.internalAutowiredAnnotationProcessor'
2017-08-25 09:56:43.567 DEBUG [main] o.s.beans.factory.support.DefaultListableBeanFactory.createBean():432 -Creating instance of bean 'org.springframework.context.annotation.internalAutowiredAnnotationProcessor'
2017-08-25 09:56:43.568 DEBUG [main] o.s.beans.factory.support.DefaultListableBeanFactory.doCreateBean():506 -Eagerly caching bean 'org.springframework.context.annotation.internalAutowiredAnnotationProcessor' to allow for resolving potential circular references
2017-08-25 09:56:43.568 DEBUG [main] o.s.beans.factory.support.DefaultListableBeanFactory.createBean():460 -Finished creating instance of bean 'org.springframework.context.annotation.internalAutowiredAnnotationProcessor'
2017-08-25 09:56:43.568 DEBUG [main] o.s.beans.factory.support.DefaultListableBeanFactory.getSingleton():215 -Creating shared instance of singleton bean 'org.springframework.context.annotation.internalRequiredAnnotationProcessor'
2017-08-25 09:56:43.569 DEBUG [main] o.s.beans.factory.support.DefaultListableBeanFactory.createBean():432 -Creating instance of bean 'org.springframework.context.annotation.internalRequiredAnnotationProcessor'
2017-08-25 09:56:43.569 DEBUG [main] o.s.beans.factory.support.DefaultListableBeanFactory.doCreateBean():506 -Eagerly caching bean 'org.springframework.context.annotation.internalRequiredAnnotationProcessor' to allow for resolving potential circular references
2017-08-25 09:56:43.569 DEBUG [main] o.s.beans.factory.support.DefaultListableBeanFactory.createBean():460 -Finished creating instance of bean 'org.springframework.context.annotation.internalRequiredAnnotationProcessor'
2017-08-25 09:56:43.570 DEBUG [main] o.s.beans.factory.support.DefaultListableBeanFactory.getSingleton():215 -Creating shared instance of singleton bean 'org.springframework.context.annotation.internalCommonAnnotationProcessor'
2017-08-25 09:56:43.570 DEBUG [main] o.s.beans.factory.support.DefaultListableBeanFactory.createBean():432 -Creating instance of bean 'org.springframework.context.annotation.internalCommonAnnotationProcessor'
2017-08-25 09:56:43.582 DEBUG [main] o.s.beans.factory.support.DefaultListableBeanFactory.doCreateBean():506 -Eagerly caching bean 'org.springframework.context.annotation.internalCommonAnnotationProcessor' to allow for resolving potential circular references
2017-08-25 09:56:43.582 DEBUG [main] o.s.beans.factory.support.DefaultListableBeanFactory.createBean():460 -Finished creating instance of bean 'org.springframework.context.annotation.internalCommonAnnotationProcessor'
2017-08-25 09:56:43.582 DEBUG [main] o.s.beans.factory.support.DefaultListableBeanFactory.getSingleton():215 -Creating shared instance of singleton bean 'org.springframework.context.annotation.ConfigurationClassPostProcessor.importAwareProcessor'
2017-08-25 09:56:43.583 DEBUG [main] o.s.beans.factory.support.DefaultListableBeanFactory.createBean():432 -Creating instance of bean 'org.springframework.context.annotation.ConfigurationClassPostProcessor.importAwareProcessor'
2017-08-25 09:56:43.583 DEBUG [main] o.s.beans.factory.support.DefaultListableBeanFactory.doCreateBean():506 -Eagerly caching bean 'org.springframework.context.annotation.ConfigurationClassPostProcessor.importAwareProcessor' to allow for resolving potential circular references
2017-08-25 09:56:43.583 DEBUG [main] o.s.beans.factory.support.DefaultListableBeanFactory.createBean():460 -Finished creating instance of bean 'org.springframework.context.annotation.ConfigurationClassPostProcessor.importAwareProcessor'
2017-08-25 09:56:43.595 DEBUG [main] o.s.context.support.GenericApplicationContext.initMessageSource():807 -Unable to locate MessageSource with name 'messageSource': using default [org.springframework.context.support.DelegatingMessageSource@3bf3d5f4]
2017-08-25 09:56:43.597 DEBUG [main] o.s.context.support.GenericApplicationContext.initApplicationEventMulticaster():831 -Unable to locate ApplicationEventMulticaster with name 'applicationEventMulticaster': using default [org.springframework.context.event.SimpleApplicationEventMulticaster@2479819a]
2017-08-25 09:56:43.599 DEBUG [main] o.s.beans.factory.support.DefaultListableBeanFactory.doGetBeanNamesForType():374 -Ignoring bean class loading failure for bean 'validator'
org.springframework.beans.factory.CannotLoadBeanClassException: Error loading class [org.springframework.validation.beanvalidation.LocalValidatorFactoryBean] for bean with name 'validator' defined in class path resource [application.xml]: problem with class file or dependent class; nested exception is java.lang.NoClassDefFoundError: javax/validation/ValidatorFactory
	at org.springframework.beans.factory.support.AbstractBeanFactory.resolveBeanClass(AbstractBeanFactory.java:1284) ~[spring-beans-3.2.8.RELEASE.jar:3.2.8.RELEASE]
	at org.springframework.beans.factory.support.AbstractAutowireCapableBeanFactory.predictBeanType(AbstractAutowireCapableBeanFactory.java:575) ~[spring-beans-3.2.8.RELEASE.jar:3.2.8.RELEASE]
	at org.springframework.beans.factory.support.AbstractBeanFactory.isFactoryBean(AbstractBeanFactory.java:1350) ~[spring-beans-3.2.8.RELEASE.jar:3.2.8.RELEASE]
	at org.springframework.beans.factory.support.DefaultListableBeanFactory.doGetBeanNamesForType(DefaultListableBeanFactory.java:355) [spring-beans-3.2.8.RELEASE.jar:3.2.8.RELEASE]
	at org.springframework.beans.factory.support.DefaultListableBeanFactory.getBeanNamesForType(DefaultListableBeanFactory.java:326) [spring-beans-3.2.8.RELEASE.jar:3.2.8.RELEASE]
	at org.springframework.context.support.AbstractApplicationContext.getBeanNamesForType(AbstractApplicationContext.java:1178) [spring-context-3.2.8.RELEASE.jar:3.2.8.RELEASE]
	at org.springframework.context.support.AbstractApplicationContext.registerListeners(AbstractApplicationContext.java:887) [spring-context-3.2.8.RELEASE.jar:3.2.8.RELEASE]
	at org.springframework.context.support.AbstractApplicationContext.refresh(AbstractApplicationContext.java:476) [spring-context-3.2.8.RELEASE.jar:3.2.8.RELEASE]
	at org.springframework.test.context.support.AbstractGenericContextLoader.loadContext(AbstractGenericContextLoader.java:120) [spring-test-3.2.8.RELEASE.jar:3.2.8.RELEASE]
	at org.springframework.test.context.support.AbstractGenericContextLoader.loadContext(AbstractGenericContextLoader.java:60) [spring-test-3.2.8.RELEASE.jar:3.2.8.RELEASE]
	at org.springframework.test.context.support.AbstractDelegatingSmartContextLoader.delegateLoading(AbstractDelegatingSmartContextLoader.java:100) [spring-test-3.2.8.RELEASE.jar:3.2.8.RELEASE]
	at org.springframework.test.context.support.AbstractDelegatingSmartContextLoader.loadContext(AbstractDelegatingSmartContextLoader.java:248) [spring-test-3.2.8.RELEASE.jar:3.2.8.RELEASE]
	at org.springframework.test.context.CacheAwareContextLoaderDelegate.loadContextInternal(CacheAwareContextLoaderDelegate.java:64) [spring-test-3.2.8.RELEASE.jar:3.2.8.RELEASE]
	at org.springframework.test.context.CacheAwareContextLoaderDelegate.loadContext(CacheAwareContextLoaderDelegate.java:91) [spring-test-3.2.8.RELEASE.jar:3.2.8.RELEASE]
	at org.springframework.test.context.TestContext.getApplicationContext(TestContext.java:122) [spring-test-3.2.8.RELEASE.jar:3.2.8.RELEASE]
	at org.springframework.test.context.support.DependencyInjectionTestExecutionListener.injectDependencies(DependencyInjectionTestExecutionListener.java:109) [spring-test-3.2.8.RELEASE.jar:3.2.8.RELEASE]
	at org.springframework.test.context.support.DependencyInjectionTestExecutionListener.prepareTestInstance(DependencyInjectionTestExecutionListener.java:75) [spring-test-3.2.8.RELEASE.jar:3.2.8.RELEASE]
	at org.springframework.test.context.TestContextManager.prepareTestInstance(TestContextManager.java:307) [spring-test-3.2.8.RELEASE.jar:3.2.8.RELEASE]
	at org.springframework.test.context.junit4.SpringJUnit4ClassRunner.createTest(SpringJUnit4ClassRunner.java:211) [spring-test-3.2.8.RELEASE.jar:3.2.8.RELEASE]
	at org.springframework.test.context.junit4.SpringJUnit4ClassRunner$1.runReflectiveCall(SpringJUnit4ClassRunner.java:288) [spring-test-3.2.8.RELEASE.jar:3.2.8.RELEASE]
	at org.junit.internal.runners.model.ReflectiveCallable.run(ReflectiveCallable.java:15) [junit-4.10.jar:na]
	at org.springframework.test.context.junit4.SpringJUnit4ClassRunner.methodBlock(SpringJUnit4ClassRunner.java:284) [spring-test-3.2.8.RELEASE.jar:3.2.8.RELEASE]
	at org.springframework.test.context.junit4.SpringJUnit4ClassRunner.runChild(SpringJUnit4ClassRunner.java:231) [spring-test-3.2.8.RELEASE.jar:3.2.8.RELEASE]
	at org.springframework.test.context.junit4.SpringJUnit4ClassRunner.runChild(SpringJUnit4ClassRunner.java:88) [spring-test-3.2.8.RELEASE.jar:3.2.8.RELEASE]
	at org.junit.runners.ParentRunner$3.run(ParentRunner.java:231) [junit-4.10.jar:na]
	at org.junit.runners.ParentRunner$1.schedule(ParentRunner.java:60) [junit-4.10.jar:na]
	at org.junit.runners.ParentRunner.runChildren(ParentRunner.java:229) [junit-4.10.jar:na]
	at org.junit.runners.ParentRunner.access$000(ParentRunner.java:50) [junit-4.10.jar:na]
	at org.junit.runners.ParentRunner$2.evaluate(ParentRunner.java:222) [junit-4.10.jar:na]
	at org.springframework.test.context.junit4.statements.RunBeforeTestClassCallbacks.evaluate(RunBeforeTestClassCallbacks.java:61) [spring-test-3.2.8.RELEASE.jar:3.2.8.RELEASE]
	at org.springframework.test.context.junit4.statements.RunAfterTestClassCallbacks.evaluate(RunAfterTestClassCallbacks.java:71) [spring-test-3.2.8.RELEASE.jar:3.2.8.RELEASE]
	at org.junit.runners.ParentRunner.run(ParentRunner.java:300) [junit-4.10.jar:na]
	at org.springframework.test.context.junit4.SpringJUnit4ClassRunner.run(SpringJUnit4ClassRunner.java:174) [spring-test-3.2.8.RELEASE.jar:3.2.8.RELEASE]
	at org.eclipse.jdt.internal.junit4.runner.JUnit4TestReference.run(JUnit4TestReference.java:50) [.cp/:na]
	at org.eclipse.jdt.internal.junit.runner.TestExecution.run(TestExecution.java:38) [.cp/:na]
	at org.eclipse.jdt.internal.junit.runner.RemoteTestRunner.runTests(RemoteTestRunner.java:459) [.cp/:na]
	at org.eclipse.jdt.internal.junit.runner.RemoteTestRunner.runTests(RemoteTestRunner.java:675) [.cp/:na]
	at org.eclipse.jdt.internal.junit.runner.RemoteTestRunner.run(RemoteTestRunner.java:382) [.cp/:na]
	at org.eclipse.jdt.internal.junit.runner.RemoteTestRunner.main(RemoteTestRunner.java:192) [.cp/:na]
Caused by: java.lang.NoClassDefFoundError: javax/validation/ValidatorFactory
	at java.lang.ClassLoader.defineClass1(Native Method) ~[na:1.7.0_79]
	at java.lang.ClassLoader.defineClass(Unknown Source) ~[na:1.7.0_79]
	at java.security.SecureClassLoader.defineClass(Unknown Source) ~[na:1.7.0_79]
	at java.net.URLClassLoader.defineClass(Unknown Source) ~[na:1.7.0_79]
	at java.net.URLClassLoader.access$100(Unknown Source) ~[na:1.7.0_79]
	at java.net.URLClassLoader$1.run(Unknown Source) ~[na:1.7.0_79]
	at java.net.URLClassLoader$1.run(Unknown Source) ~[na:1.7.0_79]
	at java.security.AccessController.doPrivileged(Native Method) ~[na:1.7.0_79]
	at java.net.URLClassLoader.findClass(Unknown Source) ~[na:1.7.0_79]
	at java.lang.ClassLoader.loadClass(Unknown Source) ~[na:1.7.0_79]
	at sun.misc.Launcher$AppClassLoader.loadClass(Unknown Source) ~[na:1.7.0_79]
	at java.lang.ClassLoader.loadClass(Unknown Source) ~[na:1.7.0_79]
	at org.springframework.util.ClassUtils.forName(ClassUtils.java:255) ~[spring-core-3.2.8.RELEASE.jar:3.2.8.RELEASE]
	at org.springframework.beans.factory.support.AbstractBeanDefinition.resolveBeanClass(AbstractBeanDefinition.java:416) ~[spring-beans-3.2.8.RELEASE.jar:3.2.8.RELEASE]
	at org.springframework.beans.factory.support.AbstractBeanFactory.doResolveBeanClass(AbstractBeanFactory.java:1302) ~[spring-beans-3.2.8.RELEASE.jar:3.2.8.RELEASE]
	at org.springframework.beans.factory.support.AbstractBeanFactory.resolveBeanClass(AbstractBeanFactory.java:1273) ~[spring-beans-3.2.8.RELEASE.jar:3.2.8.RELEASE]
	... 38 common frames omitted
Caused by: java.lang.ClassNotFoundException: javax.validation.ValidatorFactory
	at java.net.URLClassLoader$1.run(Unknown Source) ~[na:1.7.0_79]
	at java.net.URLClassLoader$1.run(Unknown Source) ~[na:1.7.0_79]
	at java.security.AccessController.doPrivileged(Native Method) ~[na:1.7.0_79]
	at java.net.URLClassLoader.findClass(Unknown Source) ~[na:1.7.0_79]
	at java.lang.ClassLoader.loadClass(Unknown Source) ~[na:1.7.0_79]
	at sun.misc.Launcher$AppClassLoader.loadClass(Unknown Source) ~[na:1.7.0_79]
	at java.lang.ClassLoader.loadClass(Unknown Source) ~[na:1.7.0_79]
	... 54 common frames omitted
2017-08-25 09:56:43.602 DEBUG [main] o.s.beans.factory.support.DefaultListableBeanFactory.getSingleton():215 -Creating shared instance of singleton bean 'conversionService'
2017-08-25 09:56:43.602 DEBUG [main] o.s.beans.factory.support.DefaultListableBeanFactory.createBean():432 -Creating instance of bean 'conversionService'
2017-08-25 09:56:43.604 DEBUG [main] o.s.beans.factory.support.DefaultListableBeanFactory.doCreateBean():506 -Eagerly caching bean 'conversionService' to allow for resolving potential circular references
2017-08-25 09:56:43.609 DEBUG [main] o.s.beans.factory.support.DefaultListableBeanFactory.invokeInitMethods():1555 -Invoking afterPropertiesSet() on bean with name 'conversionService'
2017-08-25 09:56:43.619 DEBUG [main] o.s.beans.factory.support.DefaultListableBeanFactory.createBean():460 -Finished creating instance of bean 'conversionService'
2017-08-25 09:56:43.621 DEBUG [main] o.s.beans.factory.support.DefaultListableBeanFactory.doGetBeanNamesForType():374 -Ignoring bean class loading failure for bean 'validator'
org.springframework.beans.factory.CannotLoadBeanClassException: Error loading class [org.springframework.validation.beanvalidation.LocalValidatorFactoryBean] for bean with name 'validator' defined in class path resource [application.xml]: problem with class file or dependent class; nested exception is java.lang.NoClassDefFoundError: javax/validation/ValidatorFactory
	at org.springframework.beans.factory.support.AbstractBeanFactory.resolveBeanClass(AbstractBeanFactory.java:1284) ~[spring-beans-3.2.8.RELEASE.jar:3.2.8.RELEASE]
	at org.springframework.beans.factory.support.AbstractAutowireCapableBeanFactory.predictBeanType(AbstractAutowireCapableBeanFactory.java:575) ~[spring-beans-3.2.8.RELEASE.jar:3.2.8.RELEASE]
	at org.springframework.beans.factory.support.AbstractBeanFactory.isFactoryBean(AbstractBeanFactory.java:1350) ~[spring-beans-3.2.8.RELEASE.jar:3.2.8.RELEASE]
	at org.springframework.beans.factory.support.DefaultListableBeanFactory.doGetBeanNamesForType(DefaultListableBeanFactory.java:355) [spring-beans-3.2.8.RELEASE.jar:3.2.8.RELEASE]
	at org.springframework.beans.factory.support.DefaultListableBeanFactory.getBeanNamesForType(DefaultListableBeanFactory.java:326) [spring-beans-3.2.8.RELEASE.jar:3.2.8.RELEASE]
	at org.springframework.context.support.AbstractApplicationContext.finishBeanFactoryInitialization(AbstractApplicationContext.java:920) [spring-context-3.2.8.RELEASE.jar:3.2.8.RELEASE]
	at org.springframework.context.support.AbstractApplicationContext.refresh(AbstractApplicationContext.java:479) [spring-context-3.2.8.RELEASE.jar:3.2.8.RELEASE]
	at org.springframework.test.context.support.AbstractGenericContextLoader.loadContext(AbstractGenericContextLoader.java:120) [spring-test-3.2.8.RELEASE.jar:3.2.8.RELEASE]
	at org.springframework.test.context.support.AbstractGenericContextLoader.loadContext(AbstractGenericContextLoader.java:60) [spring-test-3.2.8.RELEASE.jar:3.2.8.RELEASE]
	at org.springframework.test.context.support.AbstractDelegatingSmartContextLoader.delegateLoading(AbstractDelegatingSmartContextLoader.java:100) [spring-test-3.2.8.RELEASE.jar:3.2.8.RELEASE]
	at org.springframework.test.context.support.AbstractDelegatingSmartContextLoader.loadContext(AbstractDelegatingSmartContextLoader.java:248) [spring-test-3.2.8.RELEASE.jar:3.2.8.RELEASE]
	at org.springframework.test.context.CacheAwareContextLoaderDelegate.loadContextInternal(CacheAwareContextLoaderDelegate.java:64) [spring-test-3.2.8.RELEASE.jar:3.2.8.RELEASE]
	at org.springframework.test.context.CacheAwareContextLoaderDelegate.loadContext(CacheAwareContextLoaderDelegate.java:91) [spring-test-3.2.8.RELEASE.jar:3.2.8.RELEASE]
	at org.springframework.test.context.TestContext.getApplicationContext(TestContext.java:122) [spring-test-3.2.8.RELEASE.jar:3.2.8.RELEASE]
	at org.springframework.test.context.support.DependencyInjectionTestExecutionListener.injectDependencies(DependencyInjectionTestExecutionListener.java:109) [spring-test-3.2.8.RELEASE.jar:3.2.8.RELEASE]
	at org.springframework.test.context.support.DependencyInjectionTestExecutionListener.prepareTestInstance(DependencyInjectionTestExecutionListener.java:75) [spring-test-3.2.8.RELEASE.jar:3.2.8.RELEASE]
	at org.springframework.test.context.TestContextManager.prepareTestInstance(TestContextManager.java:307) [spring-test-3.2.8.RELEASE.jar:3.2.8.RELEASE]
	at org.springframework.test.context.junit4.SpringJUnit4ClassRunner.createTest(SpringJUnit4ClassRunner.java:211) [spring-test-3.2.8.RELEASE.jar:3.2.8.RELEASE]
	at org.springframework.test.context.junit4.SpringJUnit4ClassRunner$1.runReflectiveCall(SpringJUnit4ClassRunner.java:288) [spring-test-3.2.8.RELEASE.jar:3.2.8.RELEASE]
	at org.junit.internal.runners.model.ReflectiveCallable.run(ReflectiveCallable.java:15) [junit-4.10.jar:na]
	at org.springframework.test.context.junit4.SpringJUnit4ClassRunner.methodBlock(SpringJUnit4ClassRunner.java:284) [spring-test-3.2.8.RELEASE.jar:3.2.8.RELEASE]
	at org.springframework.test.context.junit4.SpringJUnit4ClassRunner.runChild(SpringJUnit4ClassRunner.java:231) [spring-test-3.2.8.RELEASE.jar:3.2.8.RELEASE]
	at org.springframework.test.context.junit4.SpringJUnit4ClassRunner.runChild(SpringJUnit4ClassRunner.java:88) [spring-test-3.2.8.RELEASE.jar:3.2.8.RELEASE]
	at org.junit.runners.ParentRunner$3.run(ParentRunner.java:231) [junit-4.10.jar:na]
	at org.junit.runners.ParentRunner$1.schedule(ParentRunner.java:60) [junit-4.10.jar:na]
	at org.junit.runners.ParentRunner.runChildren(ParentRunner.java:229) [junit-4.10.jar:na]
	at org.junit.runners.ParentRunner.access$000(ParentRunner.java:50) [junit-4.10.jar:na]
	at org.junit.runners.ParentRunner$2.evaluate(ParentRunner.java:222) [junit-4.10.jar:na]
	at org.springframework.test.context.junit4.statements.RunBeforeTestClassCallbacks.evaluate(RunBeforeTestClassCallbacks.java:61) [spring-test-3.2.8.RELEASE.jar:3.2.8.RELEASE]
	at org.springframework.test.context.junit4.statements.RunAfterTestClassCallbacks.evaluate(RunAfterTestClassCallbacks.java:71) [spring-test-3.2.8.RELEASE.jar:3.2.8.RELEASE]
	at org.junit.runners.ParentRunner.run(ParentRunner.java:300) [junit-4.10.jar:na]
	at org.springframework.test.context.junit4.SpringJUnit4ClassRunner.run(SpringJUnit4ClassRunner.java:174) [spring-test-3.2.8.RELEASE.jar:3.2.8.RELEASE]
	at org.eclipse.jdt.internal.junit4.runner.JUnit4TestReference.run(JUnit4TestReference.java:50) [.cp/:na]
	at org.eclipse.jdt.internal.junit.runner.TestExecution.run(TestExecution.java:38) [.cp/:na]
	at org.eclipse.jdt.internal.junit.runner.RemoteTestRunner.runTests(RemoteTestRunner.java:459) [.cp/:na]
	at org.eclipse.jdt.internal.junit.runner.RemoteTestRunner.runTests(RemoteTestRunner.java:675) [.cp/:na]
	at org.eclipse.jdt.internal.junit.runner.RemoteTestRunner.run(RemoteTestRunner.java:382) [.cp/:na]
	at org.eclipse.jdt.internal.junit.runner.RemoteTestRunner.main(RemoteTestRunner.java:192) [.cp/:na]
Caused by: java.lang.NoClassDefFoundError: javax/validation/ValidatorFactory
	at java.lang.ClassLoader.defineClass1(Native Method) ~[na:1.7.0_79]
	at java.lang.ClassLoader.defineClass(Unknown Source) ~[na:1.7.0_79]
	at java.security.SecureClassLoader.defineClass(Unknown Source) ~[na:1.7.0_79]
	at java.net.URLClassLoader.defineClass(Unknown Source) ~[na:1.7.0_79]
	at java.net.URLClassLoader.access$100(Unknown Source) ~[na:1.7.0_79]
	at java.net.URLClassLoader$1.run(Unknown Source) ~[na:1.7.0_79]
	at java.net.URLClassLoader$1.run(Unknown Source) ~[na:1.7.0_79]
	at java.security.AccessController.doPrivileged(Native Method) ~[na:1.7.0_79]
	at java.net.URLClassLoader.findClass(Unknown Source) ~[na:1.7.0_79]
	at java.lang.ClassLoader.loadClass(Unknown Source) ~[na:1.7.0_79]
	at sun.misc.Launcher$AppClassLoader.loadClass(Unknown Source) ~[na:1.7.0_79]
	at java.lang.ClassLoader.loadClass(Unknown Source) ~[na:1.7.0_79]
	at org.springframework.util.ClassUtils.forName(ClassUtils.java:255) ~[spring-core-3.2.8.RELEASE.jar:3.2.8.RELEASE]
	at org.springframework.beans.factory.support.AbstractBeanDefinition.resolveBeanClass(AbstractBeanDefinition.java:416) ~[spring-beans-3.2.8.RELEASE.jar:3.2.8.RELEASE]
	at org.springframework.beans.factory.support.AbstractBeanFactory.doResolveBeanClass(AbstractBeanFactory.java:1302) ~[spring-beans-3.2.8.RELEASE.jar:3.2.8.RELEASE]
	at org.springframework.beans.factory.support.AbstractBeanFactory.resolveBeanClass(AbstractBeanFactory.java:1273) ~[spring-beans-3.2.8.RELEASE.jar:3.2.8.RELEASE]
	... 37 common frames omitted
Caused by: java.lang.ClassNotFoundException: javax.validation.ValidatorFactory
	at java.net.URLClassLoader$1.run(Unknown Source) ~[na:1.7.0_79]
	at java.net.URLClassLoader$1.run(Unknown Source) ~[na:1.7.0_79]
	at java.security.AccessController.doPrivileged(Native Method) ~[na:1.7.0_79]
	at java.net.URLClassLoader.findClass(Unknown Source) ~[na:1.7.0_79]
	at java.lang.ClassLoader.loadClass(Unknown Source) ~[na:1.7.0_79]
	at sun.misc.Launcher$AppClassLoader.loadClass(Unknown Source) ~[na:1.7.0_79]
	at java.lang.ClassLoader.loadClass(Unknown Source) ~[na:1.7.0_79]
	... 53 common frames omitted
2017-08-25 09:56:43.719 INFO  [main] o.s.beans.factory.support.DefaultListableBeanFactory.preInstantiateSingletons():598 -Pre-instantiating singletons in org.springframework.beans.factory.support.DefaultListableBeanFactory@2f51cd27: defining beans [validator,propertyConfigurer,userServiceImpl,org.springframework.context.annotation.internalConfigurationAnnotationProcessor,org.springframework.context.annotation.internalAutowiredAnnotationProcessor,org.springframework.context.annotation.internalRequiredAnnotationProcessor,org.springframework.context.annotation.internalCommonAnnotationProcessor,org.springframework.context.config.internalBeanConfigurerAspect,conversionService,dataSource,org.mybatis.spring.mapper.MapperScannerConfigurer#0,sqlSessionFactory,org.springframework.context.annotation.ConfigurationClassPostProcessor.importAwareProcessor,userDao]; root of factory hierarchy
2017-08-25 09:56:43.720 INFO  [main] o.s.beans.factory.support.DefaultListableBeanFactory.destroySingletons():444 -Destroying singletons in org.springframework.beans.factory.support.DefaultListableBeanFactory@2f51cd27: defining beans [validator,propertyConfigurer,userServiceImpl,org.springframework.context.annotation.internalConfigurationAnnotationProcessor,org.springframework.context.annotation.internalAutowiredAnnotationProcessor,org.springframework.context.annotation.internalRequiredAnnotationProcessor,org.springframework.context.annotation.internalCommonAnnotationProcessor,org.springframework.context.config.internalBeanConfigurerAspect,conversionService,dataSource,org.mybatis.spring.mapper.MapperScannerConfigurer#0,sqlSessionFactory,org.springframework.context.annotation.ConfigurationClassPostProcessor.importAwareProcessor,userDao]; root of factory hierarchy
2017-08-25 09:56:43.722 ERROR [main] org.springframework.test.context.TestContextManager.prepareTestInstance():309 -Caught exception while allowing TestExecutionListener [org.springframework.test.context.support.DependencyInjectionTestExecutionListener@6fec82b1] to prepare test instance [com.lin.service.UserServiceTest@4112a36e]
java.lang.IllegalStateException: Failed to load ApplicationContext
	at org.springframework.test.context.CacheAwareContextLoaderDelegate.loadContext(CacheAwareContextLoaderDelegate.java:99) ~[spring-test-3.2.8.RELEASE.jar:3.2.8.RELEASE]
	at org.springframework.test.context.TestContext.getApplicationContext(TestContext.java:122) ~[spring-test-3.2.8.RELEASE.jar:3.2.8.RELEASE]
	at org.springframework.test.context.support.DependencyInjectionTestExecutionListener.injectDependencies(DependencyInjectionTestExecutionListener.java:109) ~[spring-test-3.2.8.RELEASE.jar:3.2.8.RELEASE]
	at org.springframework.test.context.support.DependencyInjectionTestExecutionListener.prepareTestInstance(DependencyInjectionTestExecutionListener.java:75) ~[spring-test-3.2.8.RELEASE.jar:3.2.8.RELEASE]
	at org.springframework.test.context.TestContextManager.prepareTestInstance(TestContextManager.java:307) ~[spring-test-3.2.8.RELEASE.jar:3.2.8.RELEASE]
	at org.springframework.test.context.junit4.SpringJUnit4ClassRunner.createTest(SpringJUnit4ClassRunner.java:211) [spring-test-3.2.8.RELEASE.jar:3.2.8.RELEASE]
	at org.springframework.test.context.junit4.SpringJUnit4ClassRunner$1.runReflectiveCall(SpringJUnit4ClassRunner.java:288) [spring-test-3.2.8.RELEASE.jar:3.2.8.RELEASE]
	at org.junit.internal.runners.model.ReflectiveCallable.run(ReflectiveCallable.java:15) [junit-4.10.jar:na]
	at org.springframework.test.context.junit4.SpringJUnit4ClassRunner.methodBlock(SpringJUnit4ClassRunner.java:284) [spring-test-3.2.8.RELEASE.jar:3.2.8.RELEASE]
	at org.springframework.test.context.junit4.SpringJUnit4ClassRunner.runChild(SpringJUnit4ClassRunner.java:231) [spring-test-3.2.8.RELEASE.jar:3.2.8.RELEASE]
	at org.springframework.test.context.junit4.SpringJUnit4ClassRunner.runChild(SpringJUnit4ClassRunner.java:88) [spring-test-3.2.8.RELEASE.jar:3.2.8.RELEASE]
	at org.junit.runners.ParentRunner$3.run(ParentRunner.java:231) [junit-4.10.jar:na]
	at org.junit.runners.ParentRunner$1.schedule(ParentRunner.java:60) [junit-4.10.jar:na]
	at org.junit.runners.ParentRunner.runChildren(ParentRunner.java:229) [junit-4.10.jar:na]
	at org.junit.runners.ParentRunner.access$000(ParentRunner.java:50) [junit-4.10.jar:na]
	at org.junit.runners.ParentRunner$2.evaluate(ParentRunner.java:222) [junit-4.10.jar:na]
	at org.springframework.test.context.junit4.statements.RunBeforeTestClassCallbacks.evaluate(RunBeforeTestClassCallbacks.java:61) [spring-test-3.2.8.RELEASE.jar:3.2.8.RELEASE]
	at org.springframework.test.context.junit4.statements.RunAfterTestClassCallbacks.evaluate(RunAfterTestClassCallbacks.java:71) [spring-test-3.2.8.RELEASE.jar:3.2.8.RELEASE]
	at org.junit.runners.ParentRunner.run(ParentRunner.java:300) [junit-4.10.jar:na]
	at org.springframework.test.context.junit4.SpringJUnit4ClassRunner.run(SpringJUnit4ClassRunner.java:174) [spring-test-3.2.8.RELEASE.jar:3.2.8.RELEASE]
	at org.eclipse.jdt.internal.junit4.runner.JUnit4TestReference.run(JUnit4TestReference.java:50) [.cp/:na]
	at org.eclipse.jdt.internal.junit.runner.TestExecution.run(TestExecution.java:38) [.cp/:na]
	at org.eclipse.jdt.internal.junit.runner.RemoteTestRunner.runTests(RemoteTestRunner.java:459) [.cp/:na]
	at org.eclipse.jdt.internal.junit.runner.RemoteTestRunner.runTests(RemoteTestRunner.java:675) [.cp/:na]
	at org.eclipse.jdt.internal.junit.runner.RemoteTestRunner.run(RemoteTestRunner.java:382) [.cp/:na]
	at org.eclipse.jdt.internal.junit.runner.RemoteTestRunner.main(RemoteTestRunner.java:192) [.cp/:na]
Caused by: org.springframework.beans.factory.CannotLoadBeanClassException: Error loading class [org.springframework.validation.beanvalidation.LocalValidatorFactoryBean] for bean with name 'validator' defined in class path resource [application.xml]: problem with class file or dependent class; nested exception is java.lang.NoClassDefFoundError: javax/validation/ValidatorFactory
	at org.springframework.beans.factory.support.AbstractBeanFactory.resolveBeanClass(AbstractBeanFactory.java:1284) ~[spring-beans-3.2.8.RELEASE.jar:3.2.8.RELEASE]
	at org.springframework.beans.factory.support.AbstractAutowireCapableBeanFactory.predictBeanType(AbstractAutowireCapableBeanFactory.java:575) ~[spring-beans-3.2.8.RELEASE.jar:3.2.8.RELEASE]
	at org.springframework.beans.factory.support.AbstractBeanFactory.isFactoryBean(AbstractBeanFactory.java:1350) ~[spring-beans-3.2.8.RELEASE.jar:3.2.8.RELEASE]
	at org.springframework.beans.factory.support.AbstractBeanFactory.isFactoryBean(AbstractBeanFactory.java:916) ~[spring-beans-3.2.8.RELEASE.jar:3.2.8.RELEASE]
	at org.springframework.beans.factory.support.DefaultListableBeanFactory.preInstantiateSingletons(DefaultListableBeanFactory.java:609) ~[spring-beans-3.2.8.RELEASE.jar:3.2.8.RELEASE]
	at org.springframework.context.support.AbstractApplicationContext.finishBeanFactoryInitialization(AbstractApplicationContext.java:932) ~[spring-context-3.2.8.RELEASE.jar:3.2.8.RELEASE]
	at org.springframework.context.support.AbstractApplicationContext.refresh(AbstractApplicationContext.java:479) ~[spring-context-3.2.8.RELEASE.jar:3.2.8.RELEASE]
	at org.springframework.test.context.support.AbstractGenericContextLoader.loadContext(AbstractGenericContextLoader.java:120) ~[spring-test-3.2.8.RELEASE.jar:3.2.8.RELEASE]
	at org.springframework.test.context.support.AbstractGenericContextLoader.loadContext(AbstractGenericContextLoader.java:60) ~[spring-test-3.2.8.RELEASE.jar:3.2.8.RELEASE]
	at org.springframework.test.context.support.AbstractDelegatingSmartContextLoader.delegateLoading(AbstractDelegatingSmartContextLoader.java:100) ~[spring-test-3.2.8.RELEASE.jar:3.2.8.RELEASE]
	at org.springframework.test.context.support.AbstractDelegatingSmartContextLoader.loadContext(AbstractDelegatingSmartContextLoader.java:248) ~[spring-test-3.2.8.RELEASE.jar:3.2.8.RELEASE]
	at org.springframework.test.context.CacheAwareContextLoaderDelegate.loadContextInternal(CacheAwareContextLoaderDelegate.java:64) ~[spring-test-3.2.8.RELEASE.jar:3.2.8.RELEASE]
	at org.springframework.test.context.CacheAwareContextLoaderDelegate.loadContext(CacheAwareContextLoaderDelegate.java:91) ~[spring-test-3.2.8.RELEASE.jar:3.2.8.RELEASE]
	... 25 common frames omitted
Caused by: java.lang.NoClassDefFoundError: javax/validation/ValidatorFactory
	at java.lang.ClassLoader.defineClass1(Native Method) ~[na:1.7.0_79]
	at java.lang.ClassLoader.defineClass(Unknown Source) ~[na:1.7.0_79]
	at java.security.SecureClassLoader.defineClass(Unknown Source) ~[na:1.7.0_79]
	at java.net.URLClassLoader.defineClass(Unknown Source) ~[na:1.7.0_79]
	at java.net.URLClassLoader.access$100(Unknown Source) ~[na:1.7.0_79]
	at java.net.URLClassLoader$1.run(Unknown Source) ~[na:1.7.0_79]
	at java.net.URLClassLoader$1.run(Unknown Source) ~[na:1.7.0_79]
	at java.security.AccessController.doPrivileged(Native Method) ~[na:1.7.0_79]
	at java.net.URLClassLoader.findClass(Unknown Source) ~[na:1.7.0_79]
	at java.lang.ClassLoader.loadClass(Unknown Source) ~[na:1.7.0_79]
	at sun.misc.Launcher$AppClassLoader.loadClass(Unknown Source) ~[na:1.7.0_79]
	at java.lang.ClassLoader.loadClass(Unknown Source) ~[na:1.7.0_79]
	at org.springframework.util.ClassUtils.forName(ClassUtils.java:255) ~[spring-core-3.2.8.RELEASE.jar:3.2.8.RELEASE]
	at org.springframework.beans.factory.support.AbstractBeanDefinition.resolveBeanClass(AbstractBeanDefinition.java:416) ~[spring-beans-3.2.8.RELEASE.jar:3.2.8.RELEASE]
	at org.springframework.beans.factory.support.AbstractBeanFactory.doResolveBeanClass(AbstractBeanFactory.java:1302) ~[spring-beans-3.2.8.RELEASE.jar:3.2.8.RELEASE]
	at org.springframework.beans.factory.support.AbstractBeanFactory.resolveBeanClass(AbstractBeanFactory.java:1273) ~[spring-beans-3.2.8.RELEASE.jar:3.2.8.RELEASE]
	... 37 common frames omitted
Caused by: java.lang.ClassNotFoundException: javax.validation.ValidatorFactory
	at java.net.URLClassLoader$1.run(Unknown Source) ~[na:1.7.0_79]
	at java.net.URLClassLoader$1.run(Unknown Source) ~[na:1.7.0_79]
	at java.security.AccessController.doPrivileged(Native Method) ~[na:1.7.0_79]
	at java.net.URLClassLoader.findClass(Unknown Source) ~[na:1.7.0_79]
	at java.lang.ClassLoader.loadClass(Unknown Source) ~[na:1.7.0_79]
	at sun.misc.Launcher$AppClassLoader.loadClass(Unknown Source) ~[na:1.7.0_79]
	at java.lang.ClassLoader.loadClass(Unknown Source) ~[na:1.7.0_79]
	... 53 common frames omitted
2017-08-25 09:56:43.761 DEBUG [main] o.s.t.c.support.DirtiesContextTestExecutionListener.afterTestClass():138 -After test class: context [[TestContext@66eeb2a5 testClass = UserServiceTest, testInstance = [null], testMethod = [null], testException = [null], mergedContextConfiguration = [MergedContextConfiguration@2ea7ac22 testClass = UserServiceTest, locations = '{classpath:application.xml}', classes = '{}', contextInitializerClasses = '[]', activeProfiles = '{}', contextLoader = 'org.springframework.test.context.support.DelegatingSmartContextLoader', parent = [null]]]], dirtiesContext [false].
